<?xml version="1.0" encoding="UTF-8"?>
<!-- Generated by org.testng.reporters.JUnitReportReporter -->
<testsuite skipped="0" hostname="DESKTOP-UN79FSK" name="platformrunner.Runner" tests="1" failures="0" timestamp="2021-08-04T19:13:34 IST" time="145.757" errors="1">
  <testcase name="feature" time="145.757" classname="platformrunner.Runner">
    <error type="cucumber.runtime.CucumberException" message="org.junit.ComparisonFailure: expected:&lt;[
]郵便番号形式で入力してください。&gt; but was:&lt;[]郵便番号形式で入力してください。&gt;">
      <![CDATA[cucumber.runtime.CucumberException: org.junit.ComparisonFailure: expected:<[
]郵便番号形式で入力してください。> but was:<[]郵便番号形式で入力してください。>
at cucumber.api.testng.TestNGCucumberRunner.runCucumber(TestNGCucumberRunner.java:69)
at cucumber.api.testng.AbstractTestNGCucumberTests.feature(AbstractTestNGCucumberTests.java:21)
at sun.reflect.NativeMethodAccessorImpl.invoke0(Native Method)
at sun.reflect.NativeMethodAccessorImpl.invoke(NativeMethodAccessorImpl.java:62)
at sun.reflect.DelegatingMethodAccessorImpl.invoke(DelegatingMethodAccessorImpl.java:43)
at java.lang.reflect.Method.invoke(Method.java:483)
at org.testng.internal.MethodInvocationHelper.invokeMethod(MethodInvocationHelper.java:133)
at org.testng.internal.TestInvoker.invokeMethod(TestInvoker.java:598)
at org.testng.internal.TestInvoker.invokeTestMethod(TestInvoker.java:173)
at org.testng.internal.MethodRunner.runInSequence(MethodRunner.java:46)
at org.testng.internal.TestInvoker$MethodInvocationAgent.invoke(TestInvoker.java:824)
at org.testng.internal.TestInvoker.invokeTestMethods(TestInvoker.java:146)
at org.testng.internal.TestMethodWorker.invokeTestMethods(TestMethodWorker.java:146)
at org.testng.internal.TestMethodWorker.run(TestMethodWorker.java:128)
at org.testng.TestRunner$$Lambda$100/1766898791.accept(Unknown Source)
at java.util.ArrayList.forEach(ArrayList.java:1249)
at org.testng.TestRunner.privateRun(TestRunner.java:794)
at org.testng.TestRunner.run(TestRunner.java:596)
at org.testng.SuiteRunner.runTest(SuiteRunner.java:377)
at org.testng.SuiteRunner.access$000(SuiteRunner.java:28)
at org.testng.SuiteRunner$SuiteWorker.run(SuiteRunner.java:418)
at org.testng.internal.thread.ThreadUtil.lambda$execute$0(ThreadUtil.java:64)
at org.testng.internal.thread.ThreadUtil$$Lambda$87/824900551.call(Unknown Source)
at java.util.concurrent.FutureTask.run(FutureTask.java:266)
at java.util.concurrent.ThreadPoolExecutor.runWorker(ThreadPoolExecutor.java:1142)
at java.util.concurrent.ThreadPoolExecutor$Worker.run(ThreadPoolExecutor.java:617)
at java.lang.Thread.run(Thread.java:745)
Caused by: org.junit.ComparisonFailure: expected:<[
]郵便番号形式で入力してください。> but was:<[]郵便番号形式で入力してください。>
at org.junit.Assert.assertEquals(Assert.java:115)
at org.junit.Assert.assertEquals(Assert.java:144)
at platform.pageobjects.MyPage.AccountAndSecurity.Validate_Updated_Invalid_Account_Information(AccountAndSecurity.java:448)
at platform.pageobjects.MyPage.AccountAndSecurity.ReceiveNotificationsByMailInfoInavlidData(AccountAndSecurity.java:406)
at platform.pageobjects.MyPage.AccountAndSecurity.UpdateAccountAndSecurityInavlidInformation(AccountAndSecurity.java:308)
at platformstepdefinition.PF_AccountAndSecurity.Update_Invalid_Account_Information(PF_AccountAndSecurity.java:51)
at ✽.And Update and Validate Invalid Account Information(PF_AccountAndSecurity.feature:19)
]]>
    </error>
  </testcase> <!-- feature -->
  <system-out/>
</testsuite> <!-- platformrunner.Runner -->
