<?xml version="1.0" encoding="UTF-8"?>
<!-- Generated by org.testng.reporters.JUnitReportReporter -->
<testsuite skipped="0" hostname="LAPTOP-3AT0TA6F" name="poc.JiraLogin" tests="1" failures="0" timestamp="05 Sep 2018 20:04:00 GMT" time="28.724" errors="0">
  <testcase name="jiralogin" time="28.724" classname="poc.JiraLogin"/>
</testsuite> <!-- poc.JiraLogin -->
