<?xml version="1.0" encoding="UTF-8"?>
<!-- Generated by org.testng.reporters.JUnitReportReporter -->
<testsuite hostname="DESKTOP-FGAD874" failures="0" tests="1" name="testscripts.LoginVerification" time="10.875" errors="0" timestamp="26 Jun 2021 03:14:17 GMT" skipped="0">
  <testcase classname="testscripts.LoginVerification" name="loginToPlatform" time="10.875"/>
</testsuite> <!-- testscripts.LoginVerification -->
