<?xml version="1.0" encoding="UTF-8"?>
<!-- Generated by org.testng.reporters.JUnitReportReporter -->
<testsuite skipped="0" hostname="DESKTOP-UN79FSK" name="platformstepdefinition.LoginScenarios" tests="1" failures="0" timestamp="2021-10-04T16:22:25 IST" time="19.255" errors="1">
  <testcase name="ValidateNewLoginFeature" time="19.255" classname="platformstepdefinition.LoginScenarios">
    <error type="testlink.api.java.client.TestLinkAPIException" message="The call to the xml-rpc client failed.">
      <![CDATA[testlink.api.java.client.TestLinkAPIException: The call to the xml-rpc client failed.
at testlink.api.java.client.TestLinkAPIClient.executeXmlRpcMethod(TestLinkAPIClient.java:609)
at testlink.api.java.client.TestLinkAPIClient.execXmlRpcMethodWithCache(TestLinkAPIClient.java:559)
at testlink.api.java.client.TestLinkAPIClient.getProjects(TestLinkAPIClient.java:338)
at testlink.api.java.client.TestLinkAPIHelper.getProjectInfo(TestLinkAPIHelper.java:21)
at testlink.api.java.client.TestLinkAPIHelper.getProjectID(TestLinkAPIHelper.java:16)
at testlink.api.java.client.TestLinkAPIClient.reportTestCaseResult(TestLinkAPIClient.java:62)
at platformstepdefinition.TestLinkIntegration.updateTestLinkResults(TestLinkIntegration.java:18)
at platformstepdefinition.LoginScenarios.ValidateNewLoginFeature(LoginScenarios.java:45)
at sun.reflect.NativeMethodAccessorImpl.invoke0(Native Method)
at sun.reflect.NativeMethodAccessorImpl.invoke(NativeMethodAccessorImpl.java:62)
at sun.reflect.DelegatingMethodAccessorImpl.invoke(DelegatingMethodAccessorImpl.java:43)
at java.lang.reflect.Method.invoke(Method.java:483)
at org.testng.internal.MethodInvocationHelper.invokeMethod(MethodInvocationHelper.java:133)
at org.testng.internal.TestInvoker.invokeMethod(TestInvoker.java:598)
at org.testng.internal.TestInvoker.invokeTestMethod(TestInvoker.java:173)
at org.testng.internal.MethodRunner.runInSequence(MethodRunner.java:46)
at org.testng.internal.TestInvoker$MethodInvocationAgent.invoke(TestInvoker.java:824)
at org.testng.internal.TestInvoker.invokeTestMethods(TestInvoker.java:146)
at org.testng.internal.TestMethodWorker.invokeTestMethods(TestMethodWorker.java:146)
at org.testng.internal.TestMethodWorker.run(TestMethodWorker.java:128)
at org.testng.TestRunner$$Lambda$214/2036704540.accept(Unknown Source)
at java.util.ArrayList.forEach(ArrayList.java:1249)
at org.testng.TestRunner.privateRun(TestRunner.java:794)
at org.testng.TestRunner.run(TestRunner.java:596)
at org.testng.SuiteRunner.runTest(SuiteRunner.java:377)
at org.testng.SuiteRunner.runSequentially(SuiteRunner.java:371)
at org.testng.SuiteRunner.privateRun(SuiteRunner.java:332)
at org.testng.SuiteRunner.run(SuiteRunner.java:276)
at org.testng.SuiteRunnerWorker.runSuite(SuiteRunnerWorker.java:53)
at org.testng.SuiteRunnerWorker.run(SuiteRunnerWorker.java:96)
at org.testng.TestNG.runSuitesSequentially(TestNG.java:1212)
at org.testng.TestNG.runSuitesLocally(TestNG.java:1134)
at org.testng.TestNG.runSuites(TestNG.java:1063)
at org.testng.TestNG.run(TestNG.java:1031)
at org.testng.remote.AbstractRemoteTestNG.run(AbstractRemoteTestNG.java:115)
at org.testng.remote.RemoteTestNG.initAndRun(RemoteTestNG.java:251)
at org.testng.remote.RemoteTestNG.main(RemoteTestNG.java:77)
Caused by: org.apache.xmlrpc.client.XmlRpcHttpTransportException: HTTP server returned unexpected status: Not Found
at org.apache.xmlrpc.client.XmlRpcSunHttpTransport.getInputStream(XmlRpcSunHttpTransport.java:94)
at org.apache.xmlrpc.client.XmlRpcStreamTransport.sendRequest(XmlRpcStreamTransport.java:152)
at org.apache.xmlrpc.client.XmlRpcHttpTransport.sendRequest(XmlRpcHttpTransport.java:143)
at org.apache.xmlrpc.client.XmlRpcSunHttpTransport.sendRequest(XmlRpcSunHttpTransport.java:69)
at org.apache.xmlrpc.client.XmlRpcClientWorker.execute(XmlRpcClientWorker.java:56)
at org.apache.xmlrpc.client.XmlRpcClient.execute(XmlRpcClient.java:167)
at org.apache.xmlrpc.client.XmlRpcClient.execute(XmlRpcClient.java:158)
at org.apache.xmlrpc.client.XmlRpcClient.execute(XmlRpcClient.java:147)
at testlink.api.java.client.TestLinkAPIClient.executeXmlRpcMethod(TestLinkAPIClient.java:584)
... 36 more
]]>
    </error>
  </testcase> <!-- ValidateNewLoginFeature -->
  <system-out/>
</testsuite> <!-- platformstepdefinition.LoginScenarios -->
