<?xml version="1.0" encoding="UTF-8"?>
<!-- Generated by org.testng.reporters.JUnitReportReporter -->
<testsuite hostname="DESKTOP-FGAD874" failures="0" tests="1" name="platformrunner.Runner" time="21.414" errors="0" timestamp="19 Jul 2021 09:45:00 GMT" skipped="0">
  <testcase classname="platformrunner.Runner" name="feature" time="21.414"/>
</testsuite> <!-- platformrunner.Runner -->
