<?xml version="1.0" encoding="UTF-8"?>
<!-- Generated by org.testng.reporters.JUnitReportReporter -->
<testsuite hostname="DESKTOP-FGAD874" failures="0" tests="1" name="platformrunner.PlatformTestRunners" time="11.214" errors="0" timestamp="28 Jun 2021 05:28:38 GMT" skipped="0">
  <testcase classname="platformrunner.PlatformTestRunners" name="feature" time="11.214"/>
</testsuite> <!-- platformrunner.PlatformTestRunners -->
