<?xml version="1.0" encoding="UTF-8"?>
<!-- Generated by org.testng.reporters.JUnitReportReporter -->
<testsuite hostname="DESKTOP-FGAD874" failures="0" tests="1" name="platformrunner.BrowserstackRunner" time="0.149" errors="0" timestamp="07 Jul 2021 11:09:06 GMT" skipped="0">
  <testcase classname="platformrunner.BrowserstackRunner" name="feature" time="0.149"/>
</testsuite> <!-- platformrunner.BrowserstackRunner -->
