<?xml version="1.0" encoding="UTF-8"?>
<!-- Generated by org.testng.reporters.JUnitReportReporter -->
<testsuite hostname="DESKTOP-FGAD874" failures="0" tests="1" name="platformrunner.PlatformTestRunners" time="16.420" errors="0" timestamp="06 Jul 2021 09:57:13 GMT" skipped="0">
  <testcase classname="platformrunner.PlatformTestRunners" name="feature" time="16.420"/>
</testsuite> <!-- platformrunner.PlatformTestRunners -->
