<?xml version="1.0" encoding="UTF-8"?>
<!-- Generated by org.testng.reporters.JUnitReportReporter -->
<testsuite hostname="DESKTOP-FGAD874" failures="0" tests="1" name="platformrunner.Runner" time="41.754" errors="0" timestamp="2021-08-05T11:33:19 IST" skipped="0">
  <testcase classname="platformrunner.Runner" name="feature" time="41.754"/>
  <system-out/>
</testsuite> <!-- platformrunner.Runner -->
