<?xml version="1.0" encoding="UTF-8"?>
<!-- Generated by org.testng.reporters.JUnitReportReporter -->
<testsuite hostname="DESKTOP-FGAD874" failures="0" tests="2" name="platformrunner.Runner" time="1.176" errors="0" timestamp="13 Jul 2021 06:02:00 GMT" skipped="0">
  <testcase classname="platformrunner.Runner" name="feature" time="0.891"/>
  <testcase classname="platformrunner.Runner" name="feature" time="0.285"/>
</testsuite> <!-- platformrunner.Runner -->
