<?xml version="1.0" encoding="UTF-8"?>
<!-- Generated by org.testng.reporters.JUnitReportReporter -->
<testsuite hostname="DESKTOP-FGAD874" failures="0" tests="1" name="platformrunner.Runner" time="20.310" errors="0" timestamp="21 Jul 2021 06:20:21 GMT" skipped="0">
  <testcase classname="platformrunner.Runner" name="feature" time="20.310"/>
</testsuite> <!-- platformrunner.Runner -->
