<?xml version="1.0" encoding="UTF-8"?>
<!-- Generated by org.testng.reporters.JUnitReportReporter -->
<testsuite hostname="DESKTOP-FGAD874" failures="0" tests="1" name="platformrunner.BrowserstackRunner" time="0.207" errors="0" timestamp="12 Jul 2021 07:44:21 GMT" skipped="0">
  <testcase classname="platformrunner.BrowserstackRunner" name="feature" time="0.207"/>
</testsuite> <!-- platformrunner.BrowserstackRunner -->
