<?xml version="1.0" encoding="UTF-8"?>
<!-- Generated by org.testng.reporters.JUnitReportReporter -->
<testsuite skipped="0" hostname="DESKTOP-UN79FSK" name="platformrunner.Runner" tests="1" failures="0" timestamp="27 Jul 2021 14:21:43 GMT" time="104.276" errors="0">
  <testcase name="feature" time="104.276" classname="platformrunner.Runner"/>
</testsuite> <!-- platformrunner.Runner -->
