<?xml version="1.0" encoding="UTF-8"?>
<!-- Generated by org.testng.reporters.JUnitReportReporter -->
<testsuite hostname="DESKTOP-FGAD874" failures="0" tests="1" name="platformrunner.PlatformTestRunners" time="15.850" errors="0" timestamp="05 Jul 2021 04:17:03 GMT" skipped="0">
  <testcase classname="platformrunner.PlatformTestRunners" name="feature" time="15.850"/>
</testsuite> <!-- platformrunner.PlatformTestRunners -->
