<?xml version="1.0" encoding="UTF-8"?>
<!-- Generated by org.testng.reporters.JUnitReportReporter -->
<testsuite hostname="DESKTOP-FGAD874" failures="0" tests="1" name="platformrunner.Runner" time="0.946" errors="0" timestamp="13 Jul 2021 05:51:38 GMT" skipped="0">
  <testcase classname="platformrunner.Runner" name="feature" time="0.946"/>
</testsuite> <!-- platformrunner.Runner -->
