<?xml version="1.0" encoding="UTF-8"?>
<!-- Generated by org.testng.reporters.JUnitReportReporter -->
<testsuite hostname="DESKTOP-FGAD874" failures="0" tests="1" name="platformrunner.Runner" time="34.639" errors="0" timestamp="23 Jul 2021 03:52:12 GMT" skipped="0">
  <testcase classname="platformrunner.Runner" name="feature" time="34.639"/>
</testsuite> <!-- platformrunner.Runner -->
