<?xml version="1.0" encoding="UTF-8"?>
<!-- Generated by org.testng.reporters.JUnitReportReporter -->
<testsuite hostname="DESKTOP-FGAD874" failures="0" tests="1" name="platformrunner.PlatformTestRunners" time="13.496" errors="0" timestamp="28 Jun 2021 10:30:35 GMT" skipped="0">
  <testcase classname="platformrunner.PlatformTestRunners" name="feature" time="13.496"/>
</testsuite> <!-- platformrunner.PlatformTestRunners -->
