<?xml version="1.0" encoding="UTF-8"?>
<!-- Generated by org.testng.reporters.JUnitReportReporter -->
<testsuite hostname="DESKTOP-FGAD874" failures="0" tests="1" name="testscripts.LoginVerification" time="5.369" errors="0" timestamp="24 Jun 2021 11:15:19 GMT" skipped="0">
  <testcase classname="testscripts.LoginVerification" name="loginToPlatform" time="5.369"/>
</testsuite> <!-- testscripts.LoginVerification -->
