<?xml version="1.0" encoding="UTF-8"?>
<!-- Generated by org.testng.reporters.JUnitReportReporter -->
<testsuite hostname="DESKTOP-DIBMRVF" failures="0" tests="1" name="testscripts.LoginVerification" time="9.947" errors="0" timestamp="02 Jul 2021 04:57:14 GMT" skipped="0">
  <testcase classname="testscripts.LoginVerification" name="loginToPlatform" time="9.947"/>
</testsuite> <!-- testscripts.LoginVerification -->
