<?xml version="1.0" encoding="UTF-8"?>
<!-- Generated by org.testng.reporters.JUnitReportReporter -->
<testsuite hostname="DESKTOP-FGAD874" failures="0" tests="1" name="platformrunner.PlatformTestRunners" time="67.679" errors="0" timestamp="02 Jul 2021 06:02:29 GMT" skipped="0">
  <testcase classname="platformrunner.PlatformTestRunners" name="feature" time="67.679"/>
</testsuite> <!-- platformrunner.PlatformTestRunners -->
