<?xml version="1.0" encoding="UTF-8"?>
<!-- Generated by org.testng.reporters.JUnitReportReporter -->
<<<<<<< Updated upstream
<testsuite hostname="DESKTOP-FGAD874" failures="0" tests="1" name="platformrunner.PlatformTestRunners" time="8.943" errors="0" timestamp="16 Jul 2021 10:51:31 GMT" skipped="0">
  <testcase classname="platformrunner.PlatformTestRunners" name="feature" time="8.943"/>
=======
<testsuite hostname="DESKTOP-FGAD874" failures="0" tests="1" name="platformrunner.PlatformTestRunners" time="7.834" errors="0" timestamp="14 Jul 2021 13:43:13 GMT" skipped="0">
  <testcase classname="platformrunner.PlatformTestRunners" name="feature" time="7.834"/>
>>>>>>> Stashed changes
</testsuite> <!-- platformrunner.PlatformTestRunners -->
