<?xml version="1.0" encoding="UTF-8"?>
<!-- Generated by org.testng.reporters.JUnitReportReporter -->
<testsuite hostname="DESKTOP-FGAD874" failures="0" tests="1" name="platformrunner.Runner" time="16.027" errors="0" timestamp="21 Jul 2021 06:07:46 GMT" skipped="0">
  <testcase classname="platformrunner.Runner" name="feature" time="16.027"/>
</testsuite> <!-- platformrunner.Runner -->
