<?xml version="1.0" encoding="UTF-8"?>
<!-- Generated by org.testng.reporters.JUnitReportReporter -->
<testsuite hostname="DESKTOP-FGAD874" failures="0" tests="1" name="platformrunner.PlatformTestRunners" time="13.302" errors="0" timestamp="25 Jun 2021 13:48:30 GMT" skipped="0">
  <testcase classname="platformrunner.PlatformTestRunners" name="feature" time="13.302"/>
</testsuite> <!-- platformrunner.PlatformTestRunners -->
