<?xml version="1.0" encoding="UTF-8"?>
<!-- Generated by org.testng.reporters.JUnitReportReporter -->
<testsuite hostname="DESKTOP-FGAD874" failures="0" tests="1" name="platformrunner.PlatformTestRunners" time="12.626" errors="0" timestamp="24 Jun 2021 12:20:44 GMT" skipped="0">
  <testcase classname="platformrunner.PlatformTestRunners" name="feature" time="12.626"/>
</testsuite> <!-- platformrunner.PlatformTestRunners -->
