<?xml version="1.0" encoding="UTF-8"?>
<!-- Generated by org.testng.reporters.JUnitReportReporter -->
<<<<<<< Updated upstream
<testsuite skipped="0" hostname="DESKTOP-UN79FSK" name="platformrunner.Runner" tests="1" failures="0" timestamp="27 Jul 2021 14:21:43 GMT" time="104.276" errors="0">
  <testcase name="feature" time="104.276" classname="platformrunner.Runner"/>
=======
<testsuite hostname="DESKTOP-FGAD874" failures="0" tests="3" name="platformrunner.Runner" time="917.950" errors="0" timestamp="2021-08-04T14:56:00 IST" skipped="0">
  <testcase classname="platformrunner.Runner" name="feature" time="405.978"/>
  <system-out/>
  <testcase classname="platformrunner.Runner" name="feature" time="298.142"/>
  <system-out/>
  <testcase classname="platformrunner.Runner" name="feature" time="213.830"/>
  <system-out/>
>>>>>>> Stashed changes
</testsuite> <!-- platformrunner.Runner -->
