<?xml version="1.0" encoding="UTF-8"?>
<!-- Generated by org.testng.reporters.JUnitReportReporter -->
<testsuite hostname="DESKTOP-FGAD874" failures="0" tests="1" name="platformrunner.Runner" time="2.428" errors="0" timestamp="16 Jul 2021 10:53:54 GMT" skipped="0">
  <testcase classname="platformrunner.Runner" name="feature" time="2.428"/>
</testsuite> <!-- platformrunner.Runner -->
