<?xml version="1.0" encoding="UTF-8"?>
<!-- Generated by org.testng.reporters.JUnitReportReporter -->
<testsuite hostname="DESKTOP-FGAD874" failures="0" tests="1" name="platformrunner.BrowserstackRunner" time="15.259" errors="0" timestamp="09 Jul 2021 11:16:23 GMT" skipped="0">
  <testcase classname="platformrunner.BrowserstackRunner" name="feature" time="15.259"/>
</testsuite> <!-- platformrunner.BrowserstackRunner -->
