<?xml version="1.0" encoding="UTF-8"?>
<!-- Generated by org.testng.reporters.JUnitReportReporter -->
<testsuite hostname="DESKTOP-FGAD874" failures="0" tests="2" name="testscripts.LoginVerification" time="12.411" errors="0" timestamp="25 Jun 2021 10:03:15 GMT" skipped="0">
  <testcase classname="testscripts.LoginVerification" name="loginToPlatform" time="6.299"/>
  <testcase classname="testscripts.LoginVerification" name="loginToPlatform" time="6.112"/>
</testsuite> <!-- testscripts.LoginVerification -->
