<?xml version="1.0" encoding="UTF-8"?>
<!-- Generated by org.testng.reporters.JUnitReportReporter -->
<testsuite hostname="DESKTOP-FGAD874" failures="0" tests="1" name="platformrunner.PlatformTestRunners" time="12.820" errors="0" timestamp="13 Jul 2021 09:50:34 GMT" skipped="0">
  <testcase classname="platformrunner.PlatformTestRunners" name="feature" time="12.820"/>
</testsuite> <!-- platformrunner.PlatformTestRunners -->
