<?xml version="1.0" encoding="UTF-8"?>
<!-- Generated by org.testng.reporters.JUnitReportReporter -->
<testsuite hostname="DESKTOP-FGAD874" failures="0" tests="10" name="platformrunner.Runner" time="272.399" errors="6" timestamp="13 Jul 2021 13:56:08 GMT" skipped="4">
  <testcase classname="platformrunner.Runner" name="feature" time="0.000">
    <skipped/>
  </testcase> <!-- feature -->
  <testcase classname="platformrunner.Runner" name="setUpBrowser" time="19.297">
    <error message="A session is either terminated or not started (WARNING: The server did not provide any stacktrace information)
Command duration or timeout: 0 milliseconds
Build info: version: &#039;3.11.0&#039;, revision: &#039;e59cfb3&#039;, time: &#039;2018-03-11T20:26:55.152Z&#039;
System info: host: &#039;DESKTOP-FGAD874&#039;, ip: &#039;192.168.1.5&#039;, os.name: &#039;Windows 10&#039;, os.arch: &#039;amd64&#039;, os.version: &#039;10.0&#039;, java.version: &#039;15.0.2&#039;
Driver info: org.openqa.selenium.remote.RemoteWebDriver
Capabilities {64bit: false, acceptSslCert: true, acceptSslCerts: true, appActivity: com.google.android.apps.chr..., appPackage: com.android.chrome, browser: android, browserName: chrome, browserstack.appium_version: 1.17.0, browserstack.is_hub_canary: false, buildName: browserstack_must_have, chromeOptions: {args: [--ignore-certificate-errors, --proxy-bypass-list=&lt;-loopb..., test-type, --proxy-server=http://183.1..., --disable-features=TranslateUI], w3c: false}, chromedriverPort: 18085, databaseEnabled: false, detected_language: Apache-HttpClient/4.5.3 (Ja..., device: Samsung Galaxy S21, deviceApiLevel: 30, deviceManufacturer: samsung, deviceModel: SM-G991B, deviceName: RFCR205NM9A, deviceOrientation: portrait, deviceScreenDensity: 480, deviceScreenSize: 1080x2400, deviceUDID: RFCR205NM9A, enablePerformanceLogging: false, javascriptEnabled: true, locationContextEnabled: false, loggingPrefs: org.openqa.selenium.logging..., mobile: {browser: mobile, version: Samsung Galaxy S21-11.0}, networkConnectionEnabled: true, newCommandTimeout: 0, new_bucketing: true, orientation: PORTRAIT, orig_os: android, osVersion: 11.0, os_version: 11.0, pixelRatio: 3, platform: ANDROID, platformName: ANDROID, platformVersion: 11, realMobile: true, real_mobile: true, sessionName: must_have_test, skipServerInstallation: true, statBarHeight: 79, systemPort: 8205, takesScreenshot: true, udid: RFCR205NM9A, version: , viewportRect: {height: 2097, left: 0, top: 79, width: 1080}, warnings: {}, webStorageEnabled: false}
Session ID: ca8d365ce301d7018a2bd8161f08d9c9f94b8608" type="org.openqa.selenium.NoSuchSessionException">
      <![CDATA[org.openqa.selenium.NoSuchSessionException: A session is either terminated or not started (WARNING: The server did not provide any stacktrace information)Command duration or timeout: 0 millisecondsBuild info: version: '3.11.0', revision: 'e59cfb3', time: '2018-03-11T20:26:55.152Z'System info: host: 'DESKTOP-FGAD874', ip: '192.168.1.5', os.name: 'Windows 10', os.arch: 'amd64', os.version: '10.0', java.version: '15.0.2'Driver info: org.openqa.selenium.remote.RemoteWebDriverCapabilities {64bit: false, acceptSslCert: true, acceptSslCerts: true, appActivity: com.google.android.apps.chr..., appPackage: com.android.chrome, browser: android, browserName: chrome, browserstack.appium_version: 1.17.0, browserstack.is_hub_canary: false, buildName: browserstack_must_have, chromeOptions: {args: [--ignore-certificate-errors, --proxy-bypass-list=<-loopb..., test-type, --proxy-server=http://183.1..., --disable-features=TranslateUI], w3c: false}, chromedriverPort: 18085, databaseEnabled: false, detected_language: Apache-HttpClient/4.5.3 (Ja..., device: Samsung Galaxy S21, deviceApiLevel: 30, deviceManufacturer: samsung, deviceModel: SM-G991B, deviceName: RFCR205NM9A, deviceOrientation: portrait, deviceScreenDensity: 480, deviceScreenSize: 1080x2400, deviceUDID: RFCR205NM9A, enablePerformanceLogging: false, javascriptEnabled: true, locationContextEnabled: false, loggingPrefs: org.openqa.selenium.logging..., mobile: {browser: mobile, version: Samsung Galaxy S21-11.0}, networkConnectionEnabled: true, newCommandTimeout: 0, new_bucketing: true, orientation: PORTRAIT, orig_os: android, osVersion: 11.0, os_version: 11.0, pixelRatio: 3, platform: ANDROID, platformName: ANDROID, platformVersion: 11, realMobile: true, real_mobile: true, sessionName: must_have_test, skipServerInstallation: true, statBarHeight: 79, systemPort: 8205, takesScreenshot: true, udid: RFCR205NM9A, version: , viewportRect: {height: 2097, left: 0, top: 79, width: 1080}, warnings: {}, webStorageEnabled: false}Session ID: ca8d365ce301d7018a2bd8161f08d9c9f94b8608at java.base/jdk.internal.reflect.NativeConstructorAccessorImpl.newInstance0(Native Method)at java.base/jdk.internal.reflect.NativeConstructorAccessorImpl.newInstance(NativeConstructorAccessorImpl.java:64)at java.base/jdk.internal.reflect.DelegatingConstructorAccessorImpl.newInstance(DelegatingConstructorAccessorImpl.java:45)at java.base/java.lang.reflect.Constructor.newInstanceWithCaller(Constructor.java:500)at java.base/java.lang.reflect.Constructor.newInstance(Constructor.java:481)at org.openqa.selenium.remote.ErrorHandler.createThrowable(ErrorHandler.java:214)at org.openqa.selenium.remote.ErrorHandler.throwIfResponseFailed(ErrorHandler.java:166)at org.openqa.selenium.remote.http.JsonHttpResponseCodec.reconstructValue(JsonHttpResponseCodec.java:40)at org.openqa.selenium.remote.http.AbstractHttpResponseCodec.decode(AbstractHttpResponseCodec.java:82)at org.openqa.selenium.remote.http.AbstractHttpResponseCodec.decode(AbstractHttpResponseCodec.java:45)at org.openqa.selenium.remote.HttpCommandExecutor.execute(HttpCommandExecutor.java:164)at org.openqa.selenium.remote.RemoteWebDriver.execute(RemoteWebDriver.java:586)at org.openqa.selenium.remote.RemoteWebDriver.get(RemoteWebDriver.java:310)at org.openqa.selenium.remote.RemoteWebDriver$RemoteNavigation.to(RemoteWebDriver.java:897)at base.NewBaseClass.navigateToUrl(NewBaseClass.java:58)at base.NewBaseClass.openBrowserstack(NewBaseClass.java:118)at base.NewBaseClass.openBrowser(NewBaseClass.java:154)at platformrunner.Runner.setUpBrowser(Runner.java:48)at java.base/jdk.internal.reflect.NativeMethodAccessorImpl.invoke0(Native Method)at java.base/jdk.internal.reflect.NativeMethodAccessorImpl.invoke(NativeMethodAccessorImpl.java:64)at java.base/jdk.internal.reflect.DelegatingMethodAccessorImpl.invoke(DelegatingMethodAccessorImpl.java:43)at java.base/java.lang.reflect.Method.invoke(Method.java:564)at org.testng.internal.MethodInvocationHelper.invokeMethod(MethodInvocationHelper.java:124)at org.testng.internal.MethodInvocationHelper.invokeMethodConsideringTimeout(MethodInvocationHelper.java:59)at org.testng.internal.Invoker.invokeConfigurationMethod(Invoker.java:451)at org.testng.internal.Invoker.invokeConfigurations(Invoker.java:222)at org.testng.internal.Invoker.invokeConfigurations(Invoker.java:142)at org.testng.TestRunner.beforeRun(TestRunner.java:529)at org.testng.TestRunner.run(TestRunner.java:497)at org.testng.SuiteRunner.runTest(SuiteRunner.java:455)at org.testng.SuiteRunner.runSequentially(SuiteRunner.java:450)at org.testng.SuiteRunner.privateRun(SuiteRunner.java:415)at org.testng.SuiteRunner.run(SuiteRunner.java:364)at org.testng.SuiteRunnerWorker.runSuite(SuiteRunnerWorker.java:52)at org.testng.SuiteRunnerWorker.run(SuiteRunnerWorker.java:84)at org.testng.TestNG.runSuitesSequentially(TestNG.java:1187)at org.testng.TestNG.runSuitesLocally(TestNG.java:1116)at org.testng.TestNG.runSuites(TestNG.java:1028)at org.testng.TestNG.run(TestNG.java:996)at org.testng.remote.AbstractRemoteTestNG.run(AbstractRemoteTestNG.java:115)at org.testng.remote.RemoteTestNG.initAndRun(RemoteTestNG.java:251)at org.testng.remote.RemoteTestNG.main(RemoteTestNG.java:77)]]>
    </error>
  </testcase> <!-- setUpBrowser -->
  <testcase classname="platformrunner.Runner" name="feature" time="0.000">
    <skipped/>
  </testcase> <!-- feature -->
  <testcase classname="platformrunner.Runner" name="setUpBrowser" time="61.161">
    <error message="A session is either terminated or not started (WARNING: The server did not provide any stacktrace information)
Command duration or timeout: 0 milliseconds
Build info: version: &#039;3.11.0&#039;, revision: &#039;e59cfb3&#039;, time: &#039;2018-03-11T20:26:55.152Z&#039;
System info: host: &#039;DESKTOP-FGAD874&#039;, ip: &#039;192.168.1.5&#039;, os.name: &#039;Windows 10&#039;, os.arch: &#039;amd64&#039;, os.version: &#039;10.0&#039;, java.version: &#039;15.0.2&#039;
Driver info: org.openqa.selenium.remote.RemoteWebDriver
Capabilities {64bit: false, acceptSslCert: true, acceptSslCerts: true, autoAcceptAlerts: true, automationName: XCUITest, bootstrapPath: /usr/local/.browserstack/co..., browser: iphone, browserName: safari, browserstack.appium_version: 1.17.0, browserstack.isTargetBased: true, browserstack.is_hub_canary: false, buildName: browserstack_must_have, databaseEnabled: false, detected_language: Apache-HttpClient/4.5.3 (Ja..., device: iphone, deviceName: iPhone 12, deviceOrientation: PORTRAIT, javascriptEnabled: true, locationContextEnabled: false, mobile: {browser: mobile, version: iPhone 12-14.1}, networkConnectionEnabled: false, newCommandTimeout: 0, new_bucketing: true, noReset: true, orientation: PORTRAIT, orig_os: ios, osVersion: 14, os_version: 14.0, platform: MAC, platformName: MAC, realMobile: true, real_mobile: true, safariIgnoreFraudWarning: true, safariInitialUrl: http://mobile-internet-chec..., sessionName: must_have_test, takesScreenshot: true, udid: 00008101-0012408821A0001E, useXctestrunFile: true, version: , wda_port: 8404, webStorageEnabled: false, webkitResponseTimeout: 20000}
Session ID: f6f3a764d88e3adec8de7c519e5c363ac3ec7ed9" type="org.openqa.selenium.NoSuchSessionException">
      <![CDATA[org.openqa.selenium.NoSuchSessionException: A session is either terminated or not started (WARNING: The server did not provide any stacktrace information)Command duration or timeout: 0 millisecondsBuild info: version: '3.11.0', revision: 'e59cfb3', time: '2018-03-11T20:26:55.152Z'System info: host: 'DESKTOP-FGAD874', ip: '192.168.1.5', os.name: 'Windows 10', os.arch: 'amd64', os.version: '10.0', java.version: '15.0.2'Driver info: org.openqa.selenium.remote.RemoteWebDriverCapabilities {64bit: false, acceptSslCert: true, acceptSslCerts: true, autoAcceptAlerts: true, automationName: XCUITest, bootstrapPath: /usr/local/.browserstack/co..., browser: iphone, browserName: safari, browserstack.appium_version: 1.17.0, browserstack.isTargetBased: true, browserstack.is_hub_canary: false, buildName: browserstack_must_have, databaseEnabled: false, detected_language: Apache-HttpClient/4.5.3 (Ja..., device: iphone, deviceName: iPhone 12, deviceOrientation: PORTRAIT, javascriptEnabled: true, locationContextEnabled: false, mobile: {browser: mobile, version: iPhone 12-14.1}, networkConnectionEnabled: false, newCommandTimeout: 0, new_bucketing: true, noReset: true, orientation: PORTRAIT, orig_os: ios, osVersion: 14, os_version: 14.0, platform: MAC, platformName: MAC, realMobile: true, real_mobile: true, safariIgnoreFraudWarning: true, safariInitialUrl: http://mobile-internet-chec..., sessionName: must_have_test, takesScreenshot: true, udid: 00008101-0012408821A0001E, useXctestrunFile: true, version: , wda_port: 8404, webStorageEnabled: false, webkitResponseTimeout: 20000}Session ID: f6f3a764d88e3adec8de7c519e5c363ac3ec7ed9at java.base/jdk.internal.reflect.NativeConstructorAccessorImpl.newInstance0(Native Method)at java.base/jdk.internal.reflect.NativeConstructorAccessorImpl.newInstance(NativeConstructorAccessorImpl.java:64)at java.base/jdk.internal.reflect.DelegatingConstructorAccessorImpl.newInstance(DelegatingConstructorAccessorImpl.java:45)at java.base/java.lang.reflect.Constructor.newInstanceWithCaller(Constructor.java:500)at java.base/java.lang.reflect.Constructor.newInstance(Constructor.java:481)at org.openqa.selenium.remote.ErrorHandler.createThrowable(ErrorHandler.java:214)at org.openqa.selenium.remote.ErrorHandler.throwIfResponseFailed(ErrorHandler.java:166)at org.openqa.selenium.remote.http.JsonHttpResponseCodec.reconstructValue(JsonHttpResponseCodec.java:40)at org.openqa.selenium.remote.http.AbstractHttpResponseCodec.decode(AbstractHttpResponseCodec.java:82)at org.openqa.selenium.remote.http.AbstractHttpResponseCodec.decode(AbstractHttpResponseCodec.java:45)at org.openqa.selenium.remote.HttpCommandExecutor.execute(HttpCommandExecutor.java:164)at org.openqa.selenium.remote.RemoteWebDriver.execute(RemoteWebDriver.java:586)at org.openqa.selenium.remote.RemoteWebDriver.execute(RemoteWebDriver.java:643)at org.openqa.selenium.remote.RemoteWebDriver.getCurrentUrl(RemoteWebDriver.java:320)at base.NewBaseClass.replaceurl(NewBaseClass.java:180)at base.NewBaseClass.navigateToUrl(NewBaseClass.java:69)at base.NewBaseClass.openBrowserstack(NewBaseClass.java:118)at base.NewBaseClass.openBrowser(NewBaseClass.java:154)at platformrunner.Runner.setUpBrowser(Runner.java:48)at java.base/jdk.internal.reflect.NativeMethodAccessorImpl.invoke0(Native Method)at java.base/jdk.internal.reflect.NativeMethodAccessorImpl.invoke(NativeMethodAccessorImpl.java:64)at java.base/jdk.internal.reflect.DelegatingMethodAccessorImpl.invoke(DelegatingMethodAccessorImpl.java:43)at java.base/java.lang.reflect.Method.invoke(Method.java:564)at org.testng.internal.MethodInvocationHelper.invokeMethod(MethodInvocationHelper.java:124)at org.testng.internal.MethodInvocationHelper.invokeMethodConsideringTimeout(MethodInvocationHelper.java:59)at org.testng.internal.Invoker.invokeConfigurationMethod(Invoker.java:451)at org.testng.internal.Invoker.invokeConfigurations(Invoker.java:222)at org.testng.internal.Invoker.invokeConfigurations(Invoker.java:142)at org.testng.TestRunner.beforeRun(TestRunner.java:529)at org.testng.TestRunner.run(TestRunner.java:497)at org.testng.SuiteRunner.runTest(SuiteRunner.java:455)at org.testng.SuiteRunner.runSequentially(SuiteRunner.java:450)at org.testng.SuiteRunner.privateRun(SuiteRunner.java:415)at org.testng.SuiteRunner.run(SuiteRunner.java:364)at org.testng.SuiteRunnerWorker.runSuite(SuiteRunnerWorker.java:52)at org.testng.SuiteRunnerWorker.run(SuiteRunnerWorker.java:84)at org.testng.TestNG.runSuitesSequentially(TestNG.java:1187)at org.testng.TestNG.runSuitesLocally(TestNG.java:1116)at org.testng.TestNG.runSuites(TestNG.java:1028)at org.testng.TestNG.run(TestNG.java:996)at org.testng.remote.AbstractRemoteTestNG.run(AbstractRemoteTestNG.java:115)at org.testng.remote.RemoteTestNG.initAndRun(RemoteTestNG.java:251)at org.testng.remote.RemoteTestNG.main(RemoteTestNG.java:77)]]>
    </error>
  </testcase> <!-- setUpBrowser -->
  <testcase classname="platformrunner.Runner" name="setUpBrowser" time="175.785">
    <error message="java.net.ConnectException: Connection refused
Build info: version: &#039;3.11.0&#039;, revision: &#039;e59cfb3&#039;, time: &#039;2018-03-11T20:26:55.152Z&#039;
System info: host: &#039;DESKTOP-FGAD874&#039;, ip: &#039;192.168.1.5&#039;, os.name: &#039;Windows 10&#039;, os.arch: &#039;amd64&#039;, os.version: &#039;10.0&#039;, java.version: &#039;15.0.2&#039;
Driver info: org.openqa.selenium.remote.RemoteWebDriver
Capabilities {acceptInsecureCerts: false, browserName: Safari, browserVersion: 14.1.1, javascriptEnabled: true, platform: MAC, platformName: MAC, safari:automaticInspection: false, safari:automaticProfiling: false, safari:diagnose: false, safari:platformBuildVersion: 20F71, safari:platformVersion: 11.4, safari:useSimulator: false, setWindowRect: true, strictFileInteractability: false, webdriver.remote.sessionid: 821b18e51bf9f7b075590c4750c..., webkit:WebRTC: {DisableICECandidateFiltering: false, DisableInsecureMediaCapture: false}}
Session ID: 821b18e51bf9f7b075590c4750c617f38af4a4ae" type="org.openqa.selenium.WebDriverException">
      <![CDATA[org.openqa.selenium.WebDriverException: java.net.ConnectException: Connection refusedBuild info: version: '3.11.0', revision: 'e59cfb3', time: '2018-03-11T20:26:55.152Z'System info: host: 'DESKTOP-FGAD874', ip: '192.168.1.5', os.name: 'Windows 10', os.arch: 'amd64', os.version: '10.0', java.version: '15.0.2'Driver info: org.openqa.selenium.remote.RemoteWebDriverCapabilities {acceptInsecureCerts: false, browserName: Safari, browserVersion: 14.1.1, javascriptEnabled: true, platform: MAC, platformName: MAC, safari:automaticInspection: false, safari:automaticProfiling: false, safari:diagnose: false, safari:platformBuildVersion: 20F71, safari:platformVersion: 11.4, safari:useSimulator: false, setWindowRect: true, strictFileInteractability: false, webdriver.remote.sessionid: 821b18e51bf9f7b075590c4750c..., webkit:WebRTC: {DisableICECandidateFiltering: false, DisableInsecureMediaCapture: false}}Session ID: 821b18e51bf9f7b075590c4750c617f38af4a4aeat java.base/jdk.internal.reflect.NativeConstructorAccessorImpl.newInstance0(Native Method)at java.base/jdk.internal.reflect.NativeConstructorAccessorImpl.newInstance(NativeConstructorAccessorImpl.java:64)at java.base/jdk.internal.reflect.DelegatingConstructorAccessorImpl.newInstance(DelegatingConstructorAccessorImpl.java:45)at java.base/java.lang.reflect.Constructor.newInstanceWithCaller(Constructor.java:500)at java.base/java.lang.reflect.Constructor.newInstance(Constructor.java:481)at org.openqa.selenium.remote.http.W3CHttpResponseCodec.createException(W3CHttpResponseCodec.java:185)at org.openqa.selenium.remote.http.W3CHttpResponseCodec.decode(W3CHttpResponseCodec.java:120)at org.openqa.selenium.remote.http.W3CHttpResponseCodec.decode(W3CHttpResponseCodec.java:49)at org.openqa.selenium.remote.HttpCommandExecutor.execute(HttpCommandExecutor.java:164)at org.openqa.selenium.remote.RemoteWebDriver.execute(RemoteWebDriver.java:586)at org.openqa.selenium.remote.RemoteWebDriver.execute(RemoteWebDriver.java:643)at org.openqa.selenium.remote.RemoteWebDriver.getCurrentUrl(RemoteWebDriver.java:320)at base.NewBaseClass.replaceurl(NewBaseClass.java:180)at base.NewBaseClass.navigateToUrl(NewBaseClass.java:69)at base.NewBaseClass.openBrowserstack(NewBaseClass.java:118)at base.NewBaseClass.openBrowser(NewBaseClass.java:154)at platformrunner.Runner.setUpBrowser(Runner.java:48)at java.base/jdk.internal.reflect.NativeMethodAccessorImpl.invoke0(Native Method)at java.base/jdk.internal.reflect.NativeMethodAccessorImpl.invoke(NativeMethodAccessorImpl.java:64)at java.base/jdk.internal.reflect.DelegatingMethodAccessorImpl.invoke(DelegatingMethodAccessorImpl.java:43)at java.base/java.lang.reflect.Method.invoke(Method.java:564)at org.testng.internal.MethodInvocationHelper.invokeMethod(MethodInvocationHelper.java:124)at org.testng.internal.MethodInvocationHelper.invokeMethodConsideringTimeout(MethodInvocationHelper.java:59)at org.testng.internal.Invoker.invokeConfigurationMethod(Invoker.java:451)at org.testng.internal.Invoker.invokeConfigurations(Invoker.java:222)at org.testng.internal.Invoker.invokeConfigurations(Invoker.java:142)at org.testng.TestRunner.beforeRun(TestRunner.java:529)at org.testng.TestRunner.run(TestRunner.java:497)at org.testng.SuiteRunner.runTest(SuiteRunner.java:455)at org.testng.SuiteRunner.runSequentially(SuiteRunner.java:450)at org.testng.SuiteRunner.privateRun(SuiteRunner.java:415)at org.testng.SuiteRunner.run(SuiteRunner.java:364)at org.testng.SuiteRunnerWorker.runSuite(SuiteRunnerWorker.java:52)at org.testng.SuiteRunnerWorker.run(SuiteRunnerWorker.java:84)at org.testng.TestNG.runSuitesSequentially(TestNG.java:1187)at org.testng.TestNG.runSuitesLocally(TestNG.java:1116)at org.testng.TestNG.runSuites(TestNG.java:1028)at org.testng.TestNG.run(TestNG.java:996)at org.testng.remote.AbstractRemoteTestNG.run(AbstractRemoteTestNG.java:115)at org.testng.remote.RemoteTestNG.initAndRun(RemoteTestNG.java:251)at org.testng.remote.RemoteTestNG.main(RemoteTestNG.java:77)]]>
    </error>
  </testcase> <!-- setUpBrowser -->
  <testcase classname="platformrunner.Runner" name="feature" time="1.006">
    <error message="java.lang.NullPointerException: Cannot invoke &quot;org.openqa.selenium.SearchContext.findElement(org.openqa.selenium.By)&quot; because &quot;this.searchContext&quot; is null" type="cucumber.runtime.CucumberException">
      <![CDATA[cucumber.runtime.CucumberException: java.lang.NullPointerException: Cannot invoke "org.openqa.selenium.SearchContext.findElement(org.openqa.selenium.By)" because "this.searchContext" is nullat cucumber.api.testng.TestNGCucumberRunner.runCucumber(TestNGCucumberRunner.java:69)at cucumber.api.testng.AbstractTestNGCucumberTests.feature(AbstractTestNGCucumberTests.java:21)at java.base/jdk.internal.reflect.NativeMethodAccessorImpl.invoke0(Native Method)at java.base/jdk.internal.reflect.NativeMethodAccessorImpl.invoke(NativeMethodAccessorImpl.java:64)at java.base/jdk.internal.reflect.DelegatingMethodAccessorImpl.invoke(DelegatingMethodAccessorImpl.java:43)at java.base/java.lang.reflect.Method.invoke(Method.java:564)at org.testng.internal.MethodInvocationHelper.invokeMethod(MethodInvocationHelper.java:124)at org.testng.internal.Invoker.invokeMethod(Invoker.java:571)at org.testng.internal.Invoker.invokeTestMethod(Invoker.java:707)at org.testng.internal.Invoker.invokeTestMethods(Invoker.java:979)at org.testng.internal.TestMethodWorker.invokeTestMethods(TestMethodWorker.java:125)at org.testng.internal.TestMethodWorker.run(TestMethodWorker.java:109)at org.testng.TestRunner.privateRun(TestRunner.java:648)at org.testng.TestRunner.run(TestRunner.java:505)at org.testng.SuiteRunner.runTest(SuiteRunner.java:455)at org.testng.SuiteRunner.runSequentially(SuiteRunner.java:450)at org.testng.SuiteRunner.privateRun(SuiteRunner.java:415)at org.testng.SuiteRunner.run(SuiteRunner.java:364)at org.testng.SuiteRunnerWorker.runSuite(SuiteRunnerWorker.java:52)at org.testng.SuiteRunnerWorker.run(SuiteRunnerWorker.java:84)at org.testng.TestNG.runSuitesSequentially(TestNG.java:1187)at org.testng.TestNG.runSuitesLocally(TestNG.java:1116)at org.testng.TestNG.runSuites(TestNG.java:1028)at org.testng.TestNG.run(TestNG.java:996)at org.testng.remote.AbstractRemoteTestNG.run(AbstractRemoteTestNG.java:115)at org.testng.remote.RemoteTestNG.initAndRun(RemoteTestNG.java:251)at org.testng.remote.RemoteTestNG.main(RemoteTestNG.java:77)Caused by: java.lang.NullPointerException: Cannot invoke "org.openqa.selenium.SearchContext.findElement(org.openqa.selenium.By)" because "this.searchContext" is nullat org.openqa.selenium.support.pagefactory.DefaultElementLocator.findElement(DefaultElementLocator.java:69)at org.openqa.selenium.support.pagefactory.internal.LocatingElementHandler.invoke(LocatingElementHandler.java:38)at com.sun.proxy.$Proxy45.click(Unknown Source)at platform.pageobjects.Authentication.LoginPage.loginToPlatform(LoginPage.java:63)at platformstepdefinition.PF_Test.login(PF_Test.java:41)at ✽.Then Login(PF_Test.feature:5)]]>
    </error>
  </testcase> <!-- feature -->
  <testcase classname="platformrunner.Runner" name="feature" time="0.166">
    <error message="java.lang.NullPointerException: Cannot invoke &quot;org.openqa.selenium.SearchContext.findElement(org.openqa.selenium.By)&quot; because &quot;this.searchContext&quot; is null" type="cucumber.runtime.CucumberException">
      <![CDATA[cucumber.runtime.CucumberException: java.lang.NullPointerException: Cannot invoke "org.openqa.selenium.SearchContext.findElement(org.openqa.selenium.By)" because "this.searchContext" is nullat cucumber.api.testng.TestNGCucumberRunner.runCucumber(TestNGCucumberRunner.java:69)at cucumber.api.testng.AbstractTestNGCucumberTests.feature(AbstractTestNGCucumberTests.java:21)at java.base/jdk.internal.reflect.NativeMethodAccessorImpl.invoke0(Native Method)at java.base/jdk.internal.reflect.NativeMethodAccessorImpl.invoke(NativeMethodAccessorImpl.java:64)at java.base/jdk.internal.reflect.DelegatingMethodAccessorImpl.invoke(DelegatingMethodAccessorImpl.java:43)at java.base/java.lang.reflect.Method.invoke(Method.java:564)at org.testng.internal.MethodInvocationHelper.invokeMethod(MethodInvocationHelper.java:124)at org.testng.internal.Invoker.invokeMethod(Invoker.java:571)at org.testng.internal.Invoker.invokeTestMethod(Invoker.java:707)at org.testng.internal.Invoker.invokeTestMethods(Invoker.java:979)at org.testng.internal.TestMethodWorker.invokeTestMethods(TestMethodWorker.java:125)at org.testng.internal.TestMethodWorker.run(TestMethodWorker.java:109)at org.testng.TestRunner.privateRun(TestRunner.java:648)at org.testng.TestRunner.run(TestRunner.java:505)at org.testng.SuiteRunner.runTest(SuiteRunner.java:455)at org.testng.SuiteRunner.runSequentially(SuiteRunner.java:450)at org.testng.SuiteRunner.privateRun(SuiteRunner.java:415)at org.testng.SuiteRunner.run(SuiteRunner.java:364)at org.testng.SuiteRunnerWorker.runSuite(SuiteRunnerWorker.java:52)at org.testng.SuiteRunnerWorker.run(SuiteRunnerWorker.java:84)at org.testng.TestNG.runSuitesSequentially(TestNG.java:1187)at org.testng.TestNG.runSuitesLocally(TestNG.java:1116)at org.testng.TestNG.runSuites(TestNG.java:1028)at org.testng.TestNG.run(TestNG.java:996)at org.testng.remote.AbstractRemoteTestNG.run(AbstractRemoteTestNG.java:115)at org.testng.remote.RemoteTestNG.initAndRun(RemoteTestNG.java:251)at org.testng.remote.RemoteTestNG.main(RemoteTestNG.java:77)Caused by: java.lang.NullPointerException: Cannot invoke "org.openqa.selenium.SearchContext.findElement(org.openqa.selenium.By)" because "this.searchContext" is nullat org.openqa.selenium.support.pagefactory.DefaultElementLocator.findElement(DefaultElementLocator.java:69)at org.openqa.selenium.support.pagefactory.internal.LocatingElementHandler.invoke(LocatingElementHandler.java:38)at com.sun.proxy.$Proxy45.click(Unknown Source)at platform.pageobjects.Authentication.LoginPage.loginToPlatform(LoginPage.java:63)at platformstepdefinition.PF_Test.login(PF_Test.java:41)at ✽.Then Login(PF_Test.feature:5)]]>
    </error>
  </testcase> <!-- feature -->
  <testcase classname="platformrunner.Runner" name="feature" time="0.000">
    <skipped/>
  </testcase> <!-- feature -->
  <testcase classname="platformrunner.Runner" name="setUpBrowser" time="14.984">
    <error message="Session not started or terminated (WARNING: The server did not provide any stacktrace information)
Command duration or timeout: 0 milliseconds
Build info: version: &#039;3.11.0&#039;, revision: &#039;e59cfb3&#039;, time: &#039;2018-03-11T20:26:55.152Z&#039;
System info: host: &#039;DESKTOP-FGAD874&#039;, ip: &#039;192.168.1.5&#039;, os.name: &#039;Windows 10&#039;, os.arch: &#039;amd64&#039;, os.version: &#039;10.0&#039;, java.version: &#039;15.0.2&#039;
Driver info: org.openqa.selenium.remote.RemoteWebDriver
Capabilities {64bit: false, acceptSslCert: true, acceptSslCerts: true, appActivity: com.google.android.apps.chr..., appPackage: com.android.chrome, browser: android, browserName: chrome, browserstack.appium_version: 1.17.0, browserstack.is_hub_canary: false, buildName: browserstack_must_have, chromeOptions: {args: [--ignore-certificate-errors, --proxy-bypass-list=&lt;-loopb..., test-type, --proxy-server=http://103.2..., --disable-features=TranslateUI], w3c: false}, chromedriverPort: 18082, databaseEnabled: false, detected_language: Apache-HttpClient/4.5.3 (Ja..., device: Samsung Galaxy Tab S7, deviceApiLevel: 29, deviceManufacturer: samsung, deviceModel: SM-T875, deviceName: R52N71FKS5B, deviceOrientation: portrait, deviceScreenDensity: 340, deviceScreenSize: 1600x2560, deviceUDID: R52N71FKS5B, enablePerformanceLogging: false, javascriptEnabled: true, locationContextEnabled: false, loggingPrefs: org.openqa.selenium.logging..., mobile: {browser: tablet, version: Samsung Galaxy Tab S7-10.0}, networkConnectionEnabled: true, newCommandTimeout: 0, new_bucketing: true, orientation: PORTRAIT, orig_os: android, osVersion: 10.0, os_version: 10.0, pixelRatio: 2.125, platform: ANDROID, platformName: ANDROID, platformVersion: 10, realMobile: true, real_mobile: true, sessionName: must_have_test, skipServerInstallation: true, statBarHeight: 51, systemPort: 8202, takesScreenshot: true, udid: R52N71FKS5B, version: , viewportRect: {height: 2407, left: 0, top: 51, width: 1600}, warnings: {}, webStorageEnabled: false}
Session ID: 702b49c2b210f84d816fa1510cd4fbfb028b0d1e" type="org.openqa.selenium.WebDriverException">
      <![CDATA[org.openqa.selenium.WebDriverException: Session not started or terminated (WARNING: The server did not provide any stacktrace information)Command duration or timeout: 0 millisecondsBuild info: version: '3.11.0', revision: 'e59cfb3', time: '2018-03-11T20:26:55.152Z'System info: host: 'DESKTOP-FGAD874', ip: '192.168.1.5', os.name: 'Windows 10', os.arch: 'amd64', os.version: '10.0', java.version: '15.0.2'Driver info: org.openqa.selenium.remote.RemoteWebDriverCapabilities {64bit: false, acceptSslCert: true, acceptSslCerts: true, appActivity: com.google.android.apps.chr..., appPackage: com.android.chrome, browser: android, browserName: chrome, browserstack.appium_version: 1.17.0, browserstack.is_hub_canary: false, buildName: browserstack_must_have, chromeOptions: {args: [--ignore-certificate-errors, --proxy-bypass-list=<-loopb..., test-type, --proxy-server=http://103.2..., --disable-features=TranslateUI], w3c: false}, chromedriverPort: 18082, databaseEnabled: false, detected_language: Apache-HttpClient/4.5.3 (Ja..., device: Samsung Galaxy Tab S7, deviceApiLevel: 29, deviceManufacturer: samsung, deviceModel: SM-T875, deviceName: R52N71FKS5B, deviceOrientation: portrait, deviceScreenDensity: 340, deviceScreenSize: 1600x2560, deviceUDID: R52N71FKS5B, enablePerformanceLogging: false, javascriptEnabled: true, locationContextEnabled: false, loggingPrefs: org.openqa.selenium.logging..., mobile: {browser: tablet, version: Samsung Galaxy Tab S7-10.0}, networkConnectionEnabled: true, newCommandTimeout: 0, new_bucketing: true, orientation: PORTRAIT, orig_os: android, osVersion: 10.0, os_version: 10.0, pixelRatio: 2.125, platform: ANDROID, platformName: ANDROID, platformVersion: 10, realMobile: true, real_mobile: true, sessionName: must_have_test, skipServerInstallation: true, statBarHeight: 51, systemPort: 8202, takesScreenshot: true, udid: R52N71FKS5B, version: , viewportRect: {height: 2407, left: 0, top: 51, width: 1600}, warnings: {}, webStorageEnabled: false}Session ID: 702b49c2b210f84d816fa1510cd4fbfb028b0d1eat java.base/jdk.internal.reflect.NativeConstructorAccessorImpl.newInstance0(Native Method)at java.base/jdk.internal.reflect.NativeConstructorAccessorImpl.newInstance(NativeConstructorAccessorImpl.java:64)at java.base/jdk.internal.reflect.DelegatingConstructorAccessorImpl.newInstance(DelegatingConstructorAccessorImpl.java:45)at java.base/java.lang.reflect.Constructor.newInstanceWithCaller(Constructor.java:500)at java.base/java.lang.reflect.Constructor.newInstance(Constructor.java:481)at org.openqa.selenium.remote.ErrorHandler.createThrowable(ErrorHandler.java:214)at org.openqa.selenium.remote.ErrorHandler.throwIfResponseFailed(ErrorHandler.java:166)at org.openqa.selenium.remote.http.JsonHttpResponseCodec.reconstructValue(JsonHttpResponseCodec.java:40)at org.openqa.selenium.remote.http.AbstractHttpResponseCodec.decode(AbstractHttpResponseCodec.java:82)at org.openqa.selenium.remote.http.AbstractHttpResponseCodec.decode(AbstractHttpResponseCodec.java:45)at org.openqa.selenium.remote.HttpCommandExecutor.execute(HttpCommandExecutor.java:164)at org.openqa.selenium.remote.RemoteWebDriver.execute(RemoteWebDriver.java:586)at org.openqa.selenium.remote.RemoteWebDriver.get(RemoteWebDriver.java:310)at base.NewBaseClass.replaceurl(NewBaseClass.java:183)at base.NewBaseClass.navigateToUrl(NewBaseClass.java:69)at base.NewBaseClass.openBrowserstack(NewBaseClass.java:118)at base.NewBaseClass.openBrowser(NewBaseClass.java:154)at platformrunner.Runner.setUpBrowser(Runner.java:48)at java.base/jdk.internal.reflect.NativeMethodAccessorImpl.invoke0(Native Method)at java.base/jdk.internal.reflect.NativeMethodAccessorImpl.invoke(NativeMethodAccessorImpl.java:64)at java.base/jdk.internal.reflect.DelegatingMethodAccessorImpl.invoke(DelegatingMethodAccessorImpl.java:43)at java.base/java.lang.reflect.Method.invoke(Method.java:564)at org.testng.internal.MethodInvocationHelper.invokeMethod(MethodInvocationHelper.java:124)at org.testng.internal.MethodInvocationHelper.invokeMethodConsideringTimeout(MethodInvocationHelper.java:59)at org.testng.internal.Invoker.invokeConfigurationMethod(Invoker.java:451)at org.testng.internal.Invoker.invokeConfigurations(Invoker.java:222)at org.testng.internal.Invoker.invokeConfigurations(Invoker.java:142)at org.testng.TestRunner.beforeRun(TestRunner.java:529)at org.testng.TestRunner.run(TestRunner.java:497)at org.testng.SuiteRunner.runTest(SuiteRunner.java:455)at org.testng.SuiteRunner.runSequentially(SuiteRunner.java:450)at org.testng.SuiteRunner.privateRun(SuiteRunner.java:415)at org.testng.SuiteRunner.run(SuiteRunner.java:364)at org.testng.SuiteRunnerWorker.runSuite(SuiteRunnerWorker.java:52)at org.testng.SuiteRunnerWorker.run(SuiteRunnerWorker.java:84)at org.testng.TestNG.runSuitesSequentially(TestNG.java:1187)at org.testng.TestNG.runSuitesLocally(TestNG.java:1116)at org.testng.TestNG.runSuites(TestNG.java:1028)at org.testng.TestNG.run(TestNG.java:996)at org.testng.remote.AbstractRemoteTestNG.run(AbstractRemoteTestNG.java:115)at org.testng.remote.RemoteTestNG.initAndRun(RemoteTestNG.java:251)at org.testng.remote.RemoteTestNG.main(RemoteTestNG.java:77)]]>
    </error>
  </testcase> <!-- setUpBrowser -->
  <testcase classname="platformrunner.Runner" name="feature" time="0.000">
    <skipped/>
  </testcase> <!-- feature -->
</testsuite> <!-- platformrunner.Runner -->
